[0m13:02:52.592383 [debug] [MainThread]: Sending event: {'category': 'dbt', 'action': 'invocation', 'label': 'start', 'context': [<snowplow_tracker.self_describing_json.SelfDescribingJson object at 0x000001CE0D30FF80>, <snowplow_tracker.self_describing_json.SelfDescribingJson object at 0x000001CE10866FC0>, <snowplow_tracker.self_describing_json.SelfDescribingJson object at 0x000001CE10867050>]}


============================== 13:02:52.600964 | d0cdfb33-8679-492d-ba82-886e26ff6bbf ==============================
[0m13:02:52.600964 [info ] [MainThread]: Running with dbt=1.9.4
[0m13:02:52.602832 [debug] [MainThread]: running dbt with arguments {'printer_width': '80', 'indirect_selection': 'eager', 'write_json': 'True', 'log_cache_events': 'False', 'partial_parse': 'True', 'cache_selected_only': 'False', 'warn_error': 'None', 'debug': 'False', 'fail_fast': 'False', 'log_path': 'logs', 'profiles_dir': 'C:\\Users\\NithishYE\\.dbt', 'version_check': 'True', 'use_colors': 'True', 'use_experimental_parser': 'False', 'empty': 'None', 'quiet': 'False', 'no_print': 'None', 'warn_error_options': 'WarnErrorOptions(include=[], exclude=[])', 'static_parser': 'True', 'introspect': 'True', 'invocation_command': 'dbt init', 'target_path': 'None', 'log_format': 'default', 'send_anonymous_usage_stats': 'True'}
[0m13:02:59.460170 [debug] [MainThread]: Starter project path: C:\Users\NithishYE\Desktop\FINAL_PROJECT\env\Lib\site-packages\dbt\include\starter_project
[0m13:02:59.511776 [info ] [MainThread]: 
Your new dbt project "final_project" was created!

For more information on how to configure the profiles.yml file,
please consult the dbt documentation here:

  https://docs.getdbt.com/docs/configure-your-profile

One more thing:

Need help? Don't hesitate to reach out to us via GitHub issues or on Slack:

  https://community.getdbt.com/

Happy modeling!

[0m13:02:59.511776 [info ] [MainThread]: Setting up your profile.
[0m13:04:52.826614 [info ] [MainThread]: Profile final_project written to C:\Users\NithishYE\.dbt\profiles.yml using target's profile_template.yml and your supplied values. Run 'dbt debug' to validate the connection.
[0m13:04:52.830242 [debug] [MainThread]: Command `dbt init` succeeded at 13:04:52.828621 after 120.44 seconds
[0m13:04:52.830242 [debug] [MainThread]: Sending event: {'category': 'dbt', 'action': 'invocation', 'label': 'end', 'context': [<snowplow_tracker.self_describing_json.SelfDescribingJson object at 0x000001CE0D30FF80>, <snowplow_tracker.self_describing_json.SelfDescribingJson object at 0x000001CE108A4BF0>, <snowplow_tracker.self_describing_json.SelfDescribingJson object at 0x000001CE108A4F80>]}
[0m13:04:52.831251 [debug] [MainThread]: Flushing usage events
[0m13:04:54.052536 [debug] [MainThread]: An error was encountered while trying to flush usage events
[0m14:45:31.598148 [debug] [MainThread]: Sending event: {'category': 'dbt', 'action': 'invocation', 'label': 'start', 'context': [<snowplow_tracker.self_describing_json.SelfDescribingJson object at 0x0000021316D356A0>, <snowplow_tracker.self_describing_json.SelfDescribingJson object at 0x00000213140C5610>, <snowplow_tracker.self_describing_json.SelfDescribingJson object at 0x00000213141CC350>]}


============================== 14:45:31.598148 | d8bc0fdd-b028-4abb-9291-9863065b24da ==============================
[0m14:45:31.598148 [info ] [MainThread]: Running with dbt=1.9.4
[0m14:45:31.598148 [debug] [MainThread]: running dbt with arguments {'printer_width': '80', 'indirect_selection': 'eager', 'write_json': 'True', 'log_cache_events': 'False', 'partial_parse': 'True', 'cache_selected_only': 'False', 'warn_error': 'None', 'debug': 'False', 'version_check': 'True', 'log_path': 'logs', 'fail_fast': 'False', 'profiles_dir': 'C:\\Users\\NithishYE\\.dbt', 'use_colors': 'True', 'use_experimental_parser': 'False', 'no_print': 'None', 'quiet': 'False', 'empty': 'False', 'log_format': 'default', 'invocation_command': 'dbt run', 'static_parser': 'True', 'warn_error_options': 'WarnErrorOptions(include=[], exclude=[])', 'target_path': 'None', 'introspect': 'True', 'send_anonymous_usage_stats': 'True'}
[0m14:45:31.614244 [error] [MainThread]: Encountered an error:
Runtime Error
  No dbt_project.yml found at expected path C:\Users\NithishYE\Desktop\FINAL_PROJECT\dbt_project.yml
  Verify that each entry within packages.yml (and their transitive dependencies) contains a file named dbt_project.yml
  
[0m14:45:31.614244 [debug] [MainThread]: Command `dbt run` failed at 14:45:31.614244 after 0.24 seconds
[0m14:45:31.614244 [debug] [MainThread]: Sending event: {'category': 'dbt', 'action': 'invocation', 'label': 'end', 'context': [<snowplow_tracker.self_describing_json.SelfDescribingJson object at 0x00000213168DFD70>, <snowplow_tracker.self_describing_json.SelfDescribingJson object at 0x0000021316D356A0>, <snowplow_tracker.self_describing_json.SelfDescribingJson object at 0x00000213171A0F50>]}
[0m14:45:31.614244 [debug] [MainThread]: Flushing usage events
[0m14:45:32.602323 [debug] [MainThread]: An error was encountered while trying to flush usage events
